<?xml version="1.0" encoding="UTF-8"?>
<!-- Generated by org.testng.reporters.JUnitReportReporter -->
<testsuite hostname="Godwin" failures="0" tests="1" name="testcases.Task4" time="28.116" errors="0" timestamp="2023-10-05T13:32:36 IST" skipped="0">
  <testcase classname="testcases.Task4" name="ShopMenu" time="28.116"/>
  <system-out/>
</testsuite> <!-- testcases.Task4 -->
