<?xml version="1.0" encoding="UTF-8"?>
<!-- Generated by org.testng.reporters.JUnitReportReporter -->
<testsuite hostname="Godwin" failures="0" tests="1" name="testcasesUSA.Task009" time="145.580" errors="0" timestamp="2023-10-28T11:55:15 IST" skipped="0">
  <testcase classname="testcasesUSA.Task009" name="BrandsCart" time="145.580"/>
  <system-out/>
</testsuite> <!-- testcasesUSA.Task009 -->
