<?xml version="1.0" encoding="UTF-8"?>
<!-- Generated by org.testng.reporters.JUnitReportReporter -->
<testsuite hostname="Godwin" failures="0" tests="1" name="testcasesUSA.Task007" time="141.681" errors="0" timestamp="2023-10-28T11:47:25 IST" skipped="0">
  <testcase classname="testcasesUSA.Task007" name="ShopByDepartment" time="141.681"/>
  <system-out/>
</testsuite> <!-- testcasesUSA.Task007 -->
