<?xml version="1.0" encoding="UTF-8"?>
<!-- Generated by org.testng.reporters.JUnitReportReporter -->
<testsuite hostname="Godwin" failures="0" tests="1" name="testcases.Menu3" time="14.333" errors="0" timestamp="2023-10-05T12:32:25 IST" skipped="0">
  <testcase classname="testcases.Menu3" name="DealMenu" time="14.333"/>
  <system-out/>
</testsuite> <!-- testcases.Menu3 -->
