<?xml version="1.0" encoding="UTF-8"?>
<!-- Generated by org.testng.reporters.JUnitReportReporter -->
<testsuite hostname="Godwin" failures="0" tests="1" name="testcasesUSA.Task002" time="2.031" errors="0" timestamp="2023-10-28T11:24:26 IST" skipped="0">
  <testcase classname="testcasesUSA.Task002" name="URL" time="2.031"/>
  <system-out/>
</testsuite> <!-- testcasesUSA.Task002 -->
