<?xml version="1.0" encoding="UTF-8"?>
<!-- Generated by org.testng.reporters.JUnitReportReporter -->
<testsuite hostname="Godwin" failures="0" tests="1" name="testcasesCanada.Menu3" time="0.000" errors="0" timestamp="2023-10-15T15:37:00 IST" skipped="1">
  <testcase classname="testcasesCanada.Menu3" name="DealMenu" time="0.000">
    <skipped/>
  </testcase> <!-- DealMenu -->
  <system-out/>
</testsuite> <!-- testcasesCanada.Menu3 -->
