<?xml version="1.0" encoding="UTF-8"?>
<!-- Generated by org.testng.reporters.JUnitReportReporter -->
<testsuite hostname="Godwin" failures="0" tests="1" name="testcases.TestcaseOne" time="13.021" errors="0" timestamp="2023-10-05T12:02:33 IST" skipped="0">
  <testcase classname="testcases.TestcaseOne" name="Account" time="13.021"/>
  <system-out/>
</testsuite> <!-- testcases.TestcaseOne -->
