<?xml version="1.0" encoding="UTF-8"?>
<!-- Generated by org.testng.reporters.JUnitReportReporter -->
<testsuite hostname="Godwin" failures="0" tests="1" name="testcasesCanada.Task6" time="11.511" errors="0" timestamp="2023-10-16T11:35:00 IST" skipped="0">
  <testcase classname="testcasesCanada.Task6" name="HomeLinks" time="11.511"/>
  <system-out/>
</testsuite> <!-- testcasesCanada.Task6 -->
