<?xml version="1.0" encoding="UTF-8"?>
<!-- Generated by org.testng.reporters.JUnitReportReporter -->
<testsuite hostname="Godwin" failures="0" tests="1" name="testcasesUSA.Task010and11" time="182.218" errors="0" timestamp="2023-10-28T12:01:22 IST" skipped="0">
  <testcase classname="testcasesUSA.Task010and11" name="BrandsCart" time="182.218"/>
  <system-out/>
</testsuite> <!-- testcasesUSA.Task010and11 -->
