<?xml version="1.0" encoding="UTF-8"?>
<!-- Generated by org.testng.reporters.JUnitReportReporter -->
<testsuite hostname="Godwin" failures="0" tests="1" name="testcasesUSA.Task010" time="90.174" errors="0" timestamp="2023-10-10T23:41:16 IST" skipped="0">
  <testcase classname="testcasesUSA.Task010" name="BrandsCart" time="90.174"/>
  <system-out/>
</testsuite> <!-- testcasesUSA.Task010 -->
