<?xml version="1.0" encoding="UTF-8"?>
<!-- Generated by org.testng.reporters.JUnitReportReporter -->
<testsuite hostname="Godwin" failures="0" tests="1" name="testcases.Task3" time="23.894" errors="0" timestamp="2023-10-05T13:04:54 IST" skipped="0">
  <testcase classname="testcases.Task3" name="Account" time="23.894"/>
  <system-out/>
</testsuite> <!-- testcases.Task3 -->
