<?xml version="1.0" encoding="UTF-8"?>
<!-- Generated by org.testng.reporters.JUnitReportReporter -->
<testsuite hostname="Godwin" failures="0" tests="1" name="testcasesUSA.Task003" time="135.549" errors="0" timestamp="2023-10-28T11:35:47 IST" skipped="0">
  <testcase classname="testcasesUSA.Task003" name="Account" time="135.549"/>
  <system-out/>
</testsuite> <!-- testcasesUSA.Task003 -->
