<?xml version="1.0" encoding="UTF-8"?>
<!-- Generated by org.testng.reporters.JUnitReportReporter -->
<testsuite hostname="Godwin" failures="0" tests="1" name="testcases.Task6" time="12.495" errors="0" timestamp="2023-10-05T14:50:15 IST" skipped="0">
  <testcase classname="testcases.Task6" name="HomeLinks" time="12.495"/>
  <system-out/>
</testsuite> <!-- testcases.Task6 -->
