<?xml version="1.0" encoding="UTF-8"?>
<!-- Generated by org.testng.reporters.JUnitReportReporter -->
<testsuite hostname="Godwin" failures="0" tests="1" name="testcasesUSA.Task008" time="121.596" errors="0" timestamp="2023-10-28T11:50:41 IST" skipped="0">
  <testcase classname="testcasesUSA.Task008" name="BrandsCart" time="121.596"/>
  <system-out/>
</testsuite> <!-- testcasesUSA.Task008 -->
