<?xml version="1.0" encoding="UTF-8"?>
<!-- Generated by org.testng.reporters.JUnitReportReporter -->
<testsuite hostname="Godwin" failures="0" tests="1" name="testcasesCanada.Task1" time="0.000" errors="0" timestamp="2023-10-15T15:37:00 IST" skipped="1">
  <testcase classname="testcasesCanada.Task1" name="URL" time="0.000">
    <skipped/>
  </testcase> <!-- URL -->
  <system-out/>
</testsuite> <!-- testcasesCanada.Task1 -->
