<?xml version="1.0" encoding="UTF-8"?>
<!-- Generated by org.testng.reporters.JUnitReportReporter -->
<testsuite hostname="Godwin" failures="0" tests="1" name="testcases.Task5" time="15.989" errors="0" timestamp="2023-10-05T13:42:07 IST" skipped="0">
  <testcase classname="testcases.Task5" name="HomeLinks" time="15.989"/>
  <system-out/>
</testsuite> <!-- testcases.Task5 -->
