<?xml version="1.0" encoding="UTF-8"?>
<!-- Generated by org.testng.reporters.JUnitReportReporter -->
<testsuite hostname="Godwin" failures="0" tests="1" name="testcasesUSA.Task005" time="152.838" errors="0" timestamp="2023-10-28T10:58:40 IST" skipped="0">
  <testcase classname="testcasesUSA.Task005" name="BottomLinks" time="152.838"/>
  <system-out/>
</testsuite> <!-- testcasesUSA.Task005 -->
