<?xml version="1.0" encoding="UTF-8"?>
<!-- Generated by org.testng.reporters.JUnitReportReporter -->
<testsuite hostname="Godwin" failures="0" tests="1" name="testcases.Task1" time="4.396" errors="0" timestamp="2023-10-05T13:10:28 IST" skipped="0">
  <testcase classname="testcases.Task1" name="URL" time="4.396"/>
  <system-out/>
</testsuite> <!-- testcases.Task1 -->
