<?xml version="1.0" encoding="UTF-8"?>
<!-- Generated by org.testng.reporters.JUnitReportReporter -->
<testsuite hostname="Godwin" failures="0" tests="1" name="testcases.Menu1" time="14.395" errors="0" timestamp="2023-10-05T12:11:31 IST" skipped="0">
  <testcase classname="testcases.Menu1" name="ShopMenu" time="14.395"/>
  <system-out/>
</testsuite> <!-- testcases.Menu1 -->
