<?xml version="1.0" encoding="UTF-8"?>
<!-- Generated by org.testng.reporters.JUnitReportReporter -->
<testsuite hostname="Godwin" failures="0" tests="1" name="testcases.Task2" time="4.182" errors="0" timestamp="2023-10-05T13:01:56 IST" skipped="0">
  <testcase classname="testcases.Task2" name="url" time="4.182"/>
  <system-out/>
</testsuite> <!-- testcases.Task2 -->
