<?xml version="1.0" encoding="UTF-8"?>
<!-- Generated by org.testng.reporters.JUnitReportReporter -->
<testsuite hostname="Godwin" failures="0" tests="1" name="testcases.TestCase007" time="0.000" errors="0" timestamp="2023-10-14T13:38:50 IST" skipped="0">
  <testcase classname="testcases.TestCase007" name="ConfirmationCheck" time="0.000"/>
  <system-out/>
</testsuite> <!-- testcases.TestCase007 -->
