<?xml version="1.0" encoding="UTF-8"?>
<!-- Generated by org.testng.reporters.JUnitReportReporter -->
<testsuite hostname="Godwin" failures="0" tests="1" name="testcases.TestCase003" time="91.118" errors="0" timestamp="2023-10-28T12:10:17 IST" skipped="0">
  <testcase classname="testcases.TestCase003" name="Login" time="91.118"/>
  <system-out/>
</testsuite> <!-- testcases.TestCase003 -->
