<?xml version="1.0" encoding="UTF-8"?>
<!-- Generated by org.testng.reporters.JUnitReportReporter -->
<testsuite hostname="Godwin" failures="0" tests="1" name="testcases.TestCase005" time="99.020" errors="0" timestamp="2023-10-28T12:24:46 IST" skipped="0">
  <testcase classname="testcases.TestCase005" name="SelectFlight" time="99.020"/>
  <system-out/>
</testsuite> <!-- testcases.TestCase005 -->
