<?xml version="1.0" encoding="UTF-8"?>
<!-- Generated by org.testng.reporters.JUnitReportReporter -->
<testsuite hostname="Godwin" failures="0" tests="1" name="testcases.TestCase008" time="97.427" errors="0" timestamp="2023-10-28T12:44:01 IST" skipped="0">
  <testcase classname="testcases.TestCase008" name="Otherfields" time="97.427"/>
  <system-out/>
</testsuite> <!-- testcases.TestCase008 -->
