<?xml version="1.0" encoding="UTF-8"?>
<!-- Generated by org.testng.reporters.JUnitReportReporter -->
<testsuite hostname="Godwin" failures="0" tests="1" name="testcases.TestCase004" time="190.258" errors="0" timestamp="2023-10-28T12:15:51 IST" skipped="0">
  <testcase classname="testcases.TestCase004" name="Search" time="190.258"/>
  <system-out/>
</testsuite> <!-- testcases.TestCase004 -->
