<?xml version="1.0" encoding="UTF-8"?>
<!-- Generated by org.testng.reporters.JUnitReportReporter -->
<testsuite hostname="Godwin" failures="0" tests="1" name="testcases.TestCase002" time="93.650" errors="0" timestamp="2023-10-28T12:06:23 IST" skipped="0">
  <testcase classname="testcases.TestCase002" name="SignUp" time="93.650"/>
  <system-out/>
</testsuite> <!-- testcases.TestCase002 -->
