<?xml version="1.0" encoding="UTF-8"?>
<!-- Generated by org.testng.reporters.JUnitReportReporter -->
<testsuite hostname="Godwin" failures="0" tests="1" name="testcases.Testcase001" time="0.952" errors="0" timestamp="2023-10-28T12:03:17 IST" skipped="0">
  <testcase classname="testcases.Testcase001" name="spicejet" time="0.952"/>
  <system-out/>
</testsuite> <!-- testcases.Testcase001 -->
