<?xml version="1.0" encoding="UTF-8"?>
<!-- Generated by org.testng.reporters.JUnitReportReporter -->
<testsuite hostname="Godwin" failures="0" tests="1" name="testcases.TestCase006" time="370.791" errors="0" timestamp="2023-10-28T12:34:28 IST" skipped="0">
  <testcase classname="testcases.TestCase006" name="Booking" time="370.791"/>
  <system-out/>
</testsuite> <!-- testcases.TestCase006 -->
